<?xml version="1.0" encoding="UTF-8"?>
<!-- Generated by org.testng.reporters.JUnitReportReporter -->
<testsuite skipped="0" hostname="mxicoders-desktop" name="tests.LoginTest" tests="1" failures="0" timestamp="04 Jul 2018 10:20:05 GMT" time="16.348" errors="0">
  <testcase name="init" time="16.348" classname="tests.LoginTest"/>
</testsuite> <!-- tests.LoginTest -->
