<?xml version="1.0" encoding="UTF-8"?>
<!-- Generated by org.testng.reporters.JUnitReportReporter -->
<testsuite skipped="0" hostname="mxicoders-desktop" name="tests.LoginTest" tests="1" failures="0" timestamp="03 Jul 2018 13:12:20 GMT" time="136.456" errors="0">
  <testcase name="init" time="136.456" classname="tests.LoginTest"/>
</testsuite> <!-- tests.LoginTest -->
